<?xml version="1.0" encoding="UTF-8" ?>
<testsuite errors="1" failures="0" hostname="ONE9000682D001" name="STG_Dailycheck.STG_DailyCheck_SKT" skipped="0" tests="1" time="231.425" timestamp="2020-07-09T04:52:13">
  <properties>
[...]
</properties>
  <testcase classname="STG_Dailycheck.STG_DailyCheck_SKT" name="STG_Daily_SKT" time="231.31">
    <error message="An element could not be located on the page using the given search parameters. (WARNING: The server did not provide any stacktrace information)
Command duration or timeout: 10.30 seconds
For documentation on this error, please visit: http://seleniumhq.org/exceptions/no_such_element.html
Build info: version: &apos;2.53.1&apos;, revision: &apos;a36b8b1cd5757287168e54b817830adce9b0158d&apos;, time: &apos;2016-06-30 19:26:09&apos;
System info: host: &apos;ONE9000682D001&apos;, ip: &apos;10.202.64.80&apos;, os.name: &apos;Windows 10&apos;, os.arch: &apos;amd64&apos;, os.version: &apos;10.0&apos;, java.version: &apos;1.8.0_251&apos;
Driver info: io.appium.java_client.android.AndroidDriver
Capabilities [{appPackage=com.skt.skaf.A000Z00040, statBarHeight=63, noReset=true, viewportRect={top=63, left=0, width=1080, height=2031}, deviceName=ce061716336d8438027e, platform=LINUX, deviceUDID=ce061716336d8438027e, desired={appPackage=com.skt.skaf.A000Z00040, appActivity=.A000Z00040, noReset=true, platformVersion=9, unicodeKeyboard=true, udid=ce061716336d8438027e, platformName=Android, deviceName=appium}, platformVersion=9, webStorageEnabled=false, takesScreenshot=true, javascriptEnabled=true, unicodeKeyboard=true, udid=ce061716336d8438027e, platformName=Android, deviceApiLevel=28, deviceManufacturer=samsung, deviceScreenSize=1080x2220, networkConnectionEnabled=true, warnings={}, databaseEnabled=false, appActivity=.A000Z00040, pixelRatio=2.625, locationContextEnabled=false, deviceScreenDensity=420, deviceModel=SM-N950N}]
Session ID: 68e45eb7-ed1b-455b-ba50-3e438919bbcf
*** Element info: {Using=xpath, value=//android.widget.Button[@text=&apos;1&apos;]}" type="org.openqa.selenium.NoSuchElementException">org.openqa.selenium.NoSuchElementException: An element could not be located on the page using the given search parameters. (WARNING: The server did not provide any stacktrace information)
Command duration or timeout: 10.30 seconds
For documentation on this error, please visit: http://seleniumhq.org/exceptions/no_such_element.html
Build info: version: &apos;2.53.1&apos;, revision: &apos;a36b8b1cd5757287168e54b817830adce9b0158d&apos;, time: &apos;2016-06-30 19:26:09&apos;
System info: host: &apos;ONE9000682D001&apos;, ip: &apos;10.202.64.80&apos;, os.name: &apos;Windows 10&apos;, os.arch: &apos;amd64&apos;, os.version: &apos;10.0&apos;, java.version: &apos;1.8.0_251&apos;
Driver info: io.appium.java_client.android.AndroidDriver
Capabilities [{appPackage=com.skt.skaf.A000Z00040, statBarHeight=63, noReset=true, viewportRect={top=63, left=0, width=1080, height=2031}, deviceName=ce061716336d8438027e, platform=LINUX, deviceUDID=ce061716336d8438027e, desired={appPackage=com.skt.skaf.A000Z00040, appActivity=.A000Z00040, noReset=true, platformVersion=9, unicodeKeyboard=true, udid=ce061716336d8438027e, platformName=Android, deviceName=appium}, platformVersion=9, webStorageEnabled=false, takesScreenshot=true, javascriptEnabled=true, unicodeKeyboard=true, udid=ce061716336d8438027e, platformName=Android, deviceApiLevel=28, deviceManufacturer=samsung, deviceScreenSize=1080x2220, networkConnectionEnabled=true, warnings={}, databaseEnabled=false, appActivity=.A000Z00040, pixelRatio=2.625, locationContextEnabled=false, deviceScreenDensity=420, deviceModel=SM-N950N}]
Session ID: 68e45eb7-ed1b-455b-ba50-3e438919bbcf
*** Element info: {Using=xpath, value=//android.widget.Button[@text=&apos;1&apos;]}
	at java.lang.reflect.Constructor.newInstance(Constructor.java:423)
	at org.openqa.selenium.remote.ErrorHandler.createThrowable(ErrorHandler.java:206)
	at org.openqa.selenium.remote.ErrorHandler.throwIfResponseFailed(ErrorHandler.java:158)
	at org.openqa.selenium.remote.RemoteWebDriver.execute(RemoteWebDriver.java:678)
	at io.appium.java_client.DefaultGenericMobileDriver.execute(DefaultGenericMobileDriver.java:40)
	at io.appium.java_client.AppiumDriver.execute(AppiumDriver.java:1)
	at io.appium.java_client.android.AndroidDriver.execute(AndroidDriver.java:1)
	at org.openqa.selenium.remote.RemoteWebDriver.findElement(RemoteWebDriver.java:363)
	at io.appium.java_client.DefaultGenericMobileDriver.findElement(DefaultGenericMobileDriver.java:56)
	at io.appium.java_client.AppiumDriver.findElement(AppiumDriver.java:1)
	at io.appium.java_client.android.AndroidDriver.findElement(AndroidDriver.java:1)
	at org.openqa.selenium.remote.RemoteWebDriver.findElementByXPath(RemoteWebDriver.java:500)
	at io.appium.java_client.DefaultGenericMobileDriver.findElementByXPath(DefaultGenericMobileDriver.java:134)
	at io.appium.java_client.AppiumDriver.findElementByXPath(AppiumDriver.java:1)
	at io.appium.java_client.android.AndroidDriver.findElementByXPath(AndroidDriver.java:1)
	at STG_Dailycheck.STG_BaseDriver_SKT.Password(STG_BaseDriver_SKT.java:97)
	at STG_Dailycheck.STG_DailyCheck_SKT.STG_Daily_SKT(STG_DailyCheck_SKT.java:343)
</error>
  </testcase>
  <system-out><![CDATA[----------check----------
----------homeLogo----------
----------mdnConfirm----------
----------userGuideEnter----------
----------findVersionInfoButton----------
----------versionInfoEnter----------
----------getVersionInformation----------
===== STG SKT OSC Version : 6.12.1 (11.5MB, 496.0KB) =====
===== STG SKT OSS Version : 6.140 (9.3MB) =====
----------printVersionInformation----------
----------backButtonUserGuide----------
----------backButtonHome----------
----------enterPurchaseList----------
----------purchasesListConfirm----------
----------noPurchasehistory----------
----------Home----------
----------searchButtonEnter----------
----------searchResultDelete----------
----------searchEnter----------
----------cartitemEnter----------
----------titleConfirm----------
----------priceEnter----------
----------couponInexistent---------
----------couponInexistentDcbEnter---------
----------couponInexistentPopupAgree---------
----------couponInexistentSubmit---------
======================================
        STGSKTResult : FAIL
                 END                 
======================================
]]></system-out>
  <system-err><![CDATA[]]></system-err>
</testsuite>
